<?xml version="1.0" encoding="UTF-8"?>
<!-- Generated by org.testng.reporters.JUnitReportReporter -->
<testsuite hostname="WarMachineMac.lan" name="com.astro.webautomation.com.astro.webautomation.ecommerceTest" tests="1" failures="0" timestamp="26 Aug 2019 17:21:09 GMT" time="47.120" errors="0">
  <testcase name="launchbrowser" time="47.120" classname="com.astro.webautomation.com.astro.webautomation.ecommerceTest"/>
</testsuite> <!-- com.astro.webautomation.com.astro.webautomation.ecommerceTest -->
