<?xml version="1.0" encoding="UTF-8"?>
<!-- Generated by org.testng.reporters.JUnitReportReporter -->
<testsuite hostname="WarMachineMac.local" name="com.astro.webautomation.com.astro.webautomation.ecommerceTest" tests="1" failures="0" timestamp="27 Aug 2019 04:10:28 GMT" time="73.305" errors="0">
  <testcase name="launchbrowser" time="73.305" classname="com.astro.webautomation.com.astro.webautomation.ecommerceTest"/>
</testsuite> <!-- com.astro.webautomation.com.astro.webautomation.ecommerceTest -->
